<?xml version="1.0" encoding="UTF-8"?>
<!-- Generated by org.testng.reporters.JUnitXMLReporter -->
<testsuite hostname="Harman" ignored="0" name="Test" tests="4" failures="0" timestamp="11 Apr 2019 19:04:37 GMT" time="104.914" errors="0">
  <testcase name="basePaseNavigation" time="36.479" classname="NavT.HomePageTest"/>
  <testcase name="basePaseNavigation" time="25.797" classname="NavT.HomePageTest"/>
  <testcase name="NavBar" time="20.29" classname="NavT.validateNavigationBarTest"/>
  <testcase name="Vtitle" time="21.05" classname="NavT.validateTitleTest"/>
</testsuite> <!-- Test -->
