<?xml version="1.0" encoding="UTF-8"?>
<!-- Generated by org.testng.reporters.JUnitXMLReporter -->
<testsuite hostname="Harman" ignored="0" name="Test" tests="4" failures="0" timestamp="12 Apr 2019 17:10:48 GMT" time="68.347" errors="0">
  <testcase name="basePaseNavigation" time="16.274" classname="NavT.HomePageTest"/>
  <testcase name="basePaseNavigation" time="16.82" classname="NavT.HomePageTest"/>
  <testcase name="NavBar" time="21.42" classname="NavT.validateNavigationBarTest"/>
  <testcase name="Vtitle" time="10.885" classname="NavT.validateTitleTest"/>
</testsuite> <!-- Test -->
