<?xml version="1.0" encoding="UTF-8"?>
<testsuite xmlns:xsi="http://www.w3.org/2001/XMLSchema-instance" xsi:noNamespaceSchemaLocation="https://maven.apache.org/surefire/maven-surefire-plugin/xsd/surefire-test-report-3.0.xsd" version="3.0" name="TestSuite" time="77.009" tests="4" errors="0" skipped="0" failures="0">
  <properties>
[...]
</properties>
  <testcase name="basePageNavigation" classname="NavT.HomePageTest" time="19.273"/>
  <testcase name="basePageNavigation" classname="NavT.HomePageTest" time="20.641"/>
  <testcase name="NavBar" classname="NavT.validateNavigationBarTest" time="16.614"/>
  <testcase name="Vtitle" classname="NavT.validateTitleTest" time="10.38"/>
</testsuite>