<?xml version="1.0" encoding="UTF-8"?>
<testng-results skipped="0" failed="0" ignored="0" total="6" passed="6">
  <reporter-output>
  </reporter-output>
  <suite name="Suite" duration-ms="111822" started-at="2019-04-18T15:21:56Z" finished-at="2019-04-18T15:23:48Z">
    <groups>
      <group name="cucumber">
        <method signature="AbstractTestNGCucumberTests.runScenario(cucumber.api.testng.PickleEventWrapper, cucumber.api.testng.CucumberFeatureWrapper)[pri:0, instance:CucumberOptions.TestRunner@433defed]" name="runScenario" class="cucumber.api.testng.AbstractTestNGCucumberTests"/>
      </group> <!-- cucumber -->
    </groups>
    <test name="App testing" duration-ms="9" started-at="2019-04-18T15:21:56Z" finished-at="2019-04-18T15:21:56Z">
    </test> <!-- App testing -->
    <test name="validating different users" duration-ms="47509" started-at="2019-04-18T15:21:57Z" finished-at="2019-04-18T15:22:44Z">
      <class name="NavT.HomePageTest">
        <test-method status="PASS" signature="basePageNavigation(java.lang.String, java.lang.String)[pri:0, instance:NavT.HomePageTest@2767e23c]" name="basePageNavigation" duration-ms="27779" started-at="2019-04-18T15:21:57Z" data-provider="getData" finished-at="2019-04-18T15:22:24Z">
          <params>
            <param index="0">
              <value>
                <![CDATA[hello]]>
              </value>
            </param>
            <param index="1">
              <value>
                <![CDATA[password]]>
              </value>
            </param>
          </params>
          <reporter-output>
          </reporter-output>
        </test-method> <!-- basePageNavigation -->
        <test-method status="PASS" signature="basePageNavigation(java.lang.String, java.lang.String)[pri:0, instance:NavT.HomePageTest@2767e23c]" name="basePageNavigation" duration-ms="17417" started-at="2019-04-18T15:22:24Z" data-provider="getData" finished-at="2019-04-18T15:22:42Z">
          <params>
            <param index="0">
              <value>
                <![CDATA[ckfm]]>
              </value>
            </param>
            <param index="1">
              <value>
                <![CDATA[cecpr]]>
              </value>
            </param>
          </params>
          <reporter-output>
          </reporter-output>
        </test-method> <!-- basePageNavigation -->
        <test-method status="PASS" signature="teardown()[pri:0, instance:NavT.HomePageTest@2767e23c]" name="teardown" is-config="true" duration-ms="2271" started-at="2019-04-18T15:22:42Z" finished-at="2019-04-18T15:22:44Z">
          <reporter-output>
          </reporter-output>
        </test-method> <!-- teardown -->
      </class> <!-- NavT.HomePageTest -->
    </test> <!-- validating different users -->
    <test name="Cucumber tests" duration-ms="35159" started-at="2019-04-18T15:22:44Z" finished-at="2019-04-18T15:23:19Z">
      <class name="CucumberOptions.TestRunner">
        <test-method status="PASS" signature="setUpClass()[pri:0, instance:CucumberOptions.TestRunner@433defed]" name="setUpClass" is-config="true" duration-ms="205" started-at="2019-04-18T15:22:44Z" finished-at="2019-04-18T15:22:44Z">
          <reporter-output>
          </reporter-output>
        </test-method> <!-- setUpClass -->
        <test-method status="PASS" signature="runScenario(cucumber.api.testng.PickleEventWrapper, cucumber.api.testng.CucumberFeatureWrapper)[pri:0, instance:CucumberOptions.TestRunner@433defed]" name="runScenario" duration-ms="17752" started-at="2019-04-18T15:22:44Z" description="Runs Cucumber Scenarios" data-provider="scenarios" finished-at="2019-04-18T15:23:02Z">
          <params>
            <param index="0">
              <value>
                <![CDATA["Loging in"]]>
              </value>
            </param>
            <param index="1">
              <value>
                <![CDATA["Application Login"]]>
              </value>
            </param>
          </params>
          <reporter-output>
          </reporter-output>
        </test-method> <!-- runScenario -->
        <test-method status="PASS" signature="runScenario(cucumber.api.testng.PickleEventWrapper, cucumber.api.testng.CucumberFeatureWrapper)[pri:0, instance:CucumberOptions.TestRunner@433defed]" name="runScenario" duration-ms="17126" started-at="2019-04-18T15:23:02Z" description="Runs Cucumber Scenarios" data-provider="scenarios" finished-at="2019-04-18T15:23:19Z">
          <params>
            <param index="0">
              <value>
                <![CDATA["Loging in"]]>
              </value>
            </param>
            <param index="1">
              <value>
                <![CDATA["Application Login"]]>
              </value>
            </param>
          </params>
          <reporter-output>
          </reporter-output>
        </test-method> <!-- runScenario -->
        <test-method status="PASS" signature="tearDownClass()[pri:0, instance:CucumberOptions.TestRunner@433defed]" name="tearDownClass" is-config="true" duration-ms="15" started-at="2019-04-18T15:23:19Z" finished-at="2019-04-18T15:23:19Z">
          <reporter-output>
          </reporter-output>
        </test-method> <!-- tearDownClass -->
      </class> <!-- CucumberOptions.TestRunner -->
    </test> <!-- Cucumber tests -->
    <test name="validating the presence of navigation bar" duration-ms="18775" started-at="2019-04-18T15:23:19Z" finished-at="2019-04-18T15:23:38Z">
      <class name="NavT.validateNavigationBarTest">
        <test-method status="PASS" signature="NavBar()[pri:0, instance:NavT.validateNavigationBarTest@52f27fbd]" name="NavBar" duration-ms="18420" started-at="2019-04-18T15:23:19Z" finished-at="2019-04-18T15:23:38Z">
          <reporter-output>
          </reporter-output>
        </test-method> <!-- NavBar -->
        <test-method status="PASS" signature="teardown()[pri:0, instance:NavT.validateNavigationBarTest@52f27fbd]" name="teardown" is-config="true" duration-ms="352" started-at="2019-04-18T15:23:38Z" finished-at="2019-04-18T15:23:38Z">
          <reporter-output>
          </reporter-output>
        </test-method> <!-- teardown -->
      </class> <!-- NavT.validateNavigationBarTest -->
    </test> <!-- validating the presence of navigation bar -->
    <test name="validating the text of title " duration-ms="10160" started-at="2019-04-18T15:23:38Z" finished-at="2019-04-18T15:23:48Z">
      <class name="NavT.validateTitleTest">
        <test-method status="PASS" signature="Vtitle()[pri:0, instance:NavT.validateTitleTest@66982506]" name="Vtitle" duration-ms="9845" started-at="2019-04-18T15:23:38Z" finished-at="2019-04-18T15:23:48Z">
          <reporter-output>
          </reporter-output>
        </test-method> <!-- Vtitle -->
        <test-method status="PASS" signature="teardown()[pri:0, instance:NavT.validateTitleTest@66982506]" name="teardown" is-config="true" duration-ms="312" started-at="2019-04-18T15:23:48Z" finished-at="2019-04-18T15:23:48Z">
          <reporter-output>
          </reporter-output>
        </test-method> <!-- teardown -->
      </class> <!-- NavT.validateTitleTest -->
    </test> <!-- validating the text of title  -->
  </suite> <!-- Suite -->
</testng-results>
